This file contains any messages produced by compilers while
running configure, to aid debugging if configure makes a mistake.

It was created by gramd-client configure 1.0, which was
generated by GNU Autoconf 2.68.  Invocation command line was

  $ ./configure --prefix=/home/fedora/gramd

## --------- ##
## Platform. ##
## --------- ##

hostname = fedora16
uname -m = i686
uname -r = 3.2.9-1.fc16.i686
uname -s = Linux
uname -v = #1 SMP Thu Mar 1 01:58:05 UTC 2012

/usr/bin/uname -p = unknown
/bin/uname -X     = unknown

/bin/arch              = i686
/usr/bin/arch -k       = unknown
/usr/convex/getsysinfo = unknown
/usr/bin/hostinfo      = unknown
/bin/machine           = unknown
/usr/bin/oslevel       = unknown
/bin/universe          = unknown

PATH: /usr/local/bin
PATH: /usr/bin
PATH: /bin
PATH: /usr/local/sbin
PATH: /usr/sbin
PATH: /sbin
PATH: /home/fedora/.local/bin
PATH: /home/fedora/bin


## ----------- ##
## Core tests. ##
## ----------- ##

configure:2281: checking build system type
configure:2295: result: i686-pc-linux-gnu
configure:2315: checking host system type
configure:2328: result: i686-pc-linux-gnu
configure:2369: checking how to print strings
configure:2396: result: printf
configure:2465: checking for gcc
configure:2481: found /usr/bin/gcc
configure:2492: result: gcc
configure:2721: checking for C compiler version
configure:2730: gcc --version >&5
gcc (GCC) 4.6.2 20111027 (Red Hat 4.6.2-1)
Copyright (C) 2011 Free Software Foundation, Inc.
This is free software; see the source for copying conditions.  There is NO
warranty; not even for MERCHANTABILITY or FITNESS FOR A PARTICULAR PURPOSE.

configure:2741: $? = 0
configure:2730: gcc -v >&5
Using built-in specs.
COLLECT_GCC=gcc
COLLECT_LTO_WRAPPER=/usr/libexec/gcc/i686-redhat-linux/4.6.2/lto-wrapper
Target: i686-redhat-linux
Configured with: ../configure --prefix=/usr --mandir=/usr/share/man --infodir=/usr/share/info --with-bugurl=http://bugzilla.redhat.com/bugzilla --enable-bootstrap --enable-shared --enable-threads=posix --enable-checking=release --with-system-zlib --enable-__cxa_atexit --disable-libunwind-exceptions --enable-gnu-unique-object --enable-linker-build-id --enable-languages=c,c++,objc,obj-c++,java,fortran,ada,go,lto --enable-plugin --enable-java-awt=gtk --disable-dssi --with-java-home=/usr/lib/jvm/java-1.5.0-gcj-1.5.0.0/jre --enable-libgcj-multifile --enable-java-maintainer-mode --with-ecj-jar=/usr/share/java/eclipse-ecj.jar --disable-libjava-multilib --with-ppl --with-cloog --with-tune=generic --with-arch=i686 --build=i686-redhat-linux
Thread model: posix
gcc version 4.6.2 20111027 (Red Hat 4.6.2-1) (GCC) 
configure:2741: $? = 0
configure:2730: gcc -V >&5
gcc: error: unrecognized option '-V'
gcc: fatal error: no input files
compilation terminated.
configure:2741: $? = 4
configure:2730: gcc -qversion >&5
gcc: error: unrecognized option '-qversion'
gcc: fatal error: no input files
compilation terminated.
configure:2741: $? = 4
configure:2761: checking whether the C compiler works
configure:2783: gcc    conftest.c  >&5
configure:2787: $? = 0
configure:2835: result: yes
configure:2838: checking for C compiler default output file name
configure:2840: result: a.out
configure:2846: checking for suffix of executables
configure:2853: gcc -o conftest    conftest.c  >&5
configure:2857: $? = 0
configure:2879: result: 
configure:2901: checking whether we are cross compiling
configure:2909: gcc -o conftest    conftest.c  >&5
configure:2913: $? = 0
configure:2920: ./conftest
configure:2924: $? = 0
configure:2939: result: no
configure:2944: checking for suffix of object files
configure:2966: gcc -c   conftest.c >&5
configure:2970: $? = 0
configure:2991: result: o
configure:2995: checking whether we are using the GNU C compiler
configure:3014: gcc -c   conftest.c >&5
configure:3014: $? = 0
configure:3023: result: yes
configure:3032: checking whether gcc accepts -g
configure:3052: gcc -c -g  conftest.c >&5
configure:3052: $? = 0
configure:3093: result: yes
configure:3110: checking for gcc option to accept ISO C89
configure:3174: gcc  -c -g -O2  conftest.c >&5
configure:3174: $? = 0
configure:3187: result: none needed
configure:3207: checking for a sed that does not truncate output
configure:3271: result: /bin/sed
configure:3289: checking for grep that handles long lines and -e
configure:3347: result: /bin/grep
configure:3352: checking for egrep
configure:3414: result: /bin/grep -E
configure:3419: checking for fgrep
configure:3481: result: /bin/grep -F
configure:3516: checking for ld used by gcc
configure:3583: result: /usr/bin/ld
configure:3590: checking if the linker (/usr/bin/ld) is GNU ld
configure:3605: result: yes
configure:3617: checking for BSD- or MS-compatible name lister (nm)
configure:3666: result: /usr/bin/nm -B
configure:3796: checking the name lister (/usr/bin/nm -B) interface
configure:3803: gcc -c -g -O2  conftest.c >&5
configure:3806: /usr/bin/nm -B "conftest.o"
configure:3809: output
00000000 B some_variable
configure:3816: result: BSD nm
configure:3819: checking whether ln -s works
configure:3823: result: yes
configure:3831: checking the maximum length of command line arguments
configure:3956: result: 1572864
configure:3973: checking whether the shell understands some XSI constructs
configure:3983: result: yes
configure:3987: checking whether the shell understands "+="
configure:3993: result: yes
configure:4028: checking how to convert i686-pc-linux-gnu file names to i686-pc-linux-gnu format
configure:4068: result: func_convert_file_noop
configure:4075: checking how to convert i686-pc-linux-gnu file names to toolchain format
configure:4095: result: func_convert_file_noop
configure:4102: checking for /usr/bin/ld option to reload object files
configure:4109: result: -r
configure:4183: checking for objdump
configure:4199: found /usr/bin/objdump
configure:4210: result: objdump
configure:4242: checking how to recognize dependent libraries
configure:4444: result: pass_all
configure:4529: checking for dlltool
configure:4559: result: no
configure:4589: checking how to associate runtime and link libraries
configure:4616: result: printf %s\n
configure:4677: checking for ar
configure:4693: found /usr/bin/ar
configure:4704: result: ar
configure:4741: checking for archiver @FILE support
configure:4758: gcc -c -g -O2  conftest.c >&5
configure:4758: $? = 0
configure:4761: ar cru libconftest.a @conftest.lst >&5
configure:4764: $? = 0
configure:4769: ar cru libconftest.a @conftest.lst >&5
ar: conftest.o: No such file or directory
configure:4772: $? = 1
configure:4784: result: @
configure:4842: checking for strip
configure:4858: found /usr/bin/strip
configure:4869: result: strip
configure:4941: checking for ranlib
configure:4957: found /usr/bin/ranlib
configure:4968: result: ranlib
configure:5045: checking for gawk
configure:5061: found /usr/bin/gawk
configure:5072: result: gawk
configure:5112: checking command to parse /usr/bin/nm -B output from gcc object
configure:5231: gcc -c -g -O2  conftest.c >&5
configure:5234: $? = 0
configure:5238: /usr/bin/nm -B conftest.o \| sed -n -e 's/^.*[ ]\([ABCDGIRSTW][ABCDGIRSTW]*\)[ ][ ]*\([_A-Za-z][_A-Za-z0-9]*\)$/\1 \2 \2/p' | sed '/ __gnu_lto/d' \> conftest.nm
configure:5241: $? = 0
configure:5307: gcc -o conftest -g -O2   conftest.c conftstm.o >&5
configure:5310: $? = 0
configure:5348: result: ok
configure:5385: checking for sysroot
configure:5415: result: no
configure:5658: checking for mt
configure:5688: result: no
configure:5708: checking if : is a manifest tool
configure:5714: : '-?'
configure:5722: result: no
configure:6354: checking how to run the C preprocessor
configure:6385: gcc -E  conftest.c
configure:6385: $? = 0
configure:6399: gcc -E  conftest.c
conftest.c:9:28: fatal error: ac_nonexistent.h: No such file or directory
compilation terminated.
configure:6399: $? = 1
configure: failed program was:
| /* confdefs.h */
| #define PACKAGE_NAME "gramd-client"
| #define PACKAGE_TARNAME "gramd-client"
| #define PACKAGE_VERSION "1.0"
| #define PACKAGE_STRING "gramd-client 1.0"
| #define PACKAGE_BUGREPORT ""
| #define PACKAGE_URL ""
| /* end confdefs.h.  */
| #include <ac_nonexistent.h>
configure:6424: result: gcc -E
configure:6444: gcc -E  conftest.c
configure:6444: $? = 0
configure:6458: gcc -E  conftest.c
conftest.c:9:28: fatal error: ac_nonexistent.h: No such file or directory
compilation terminated.
configure:6458: $? = 1
configure: failed program was:
| /* confdefs.h */
| #define PACKAGE_NAME "gramd-client"
| #define PACKAGE_TARNAME "gramd-client"
| #define PACKAGE_VERSION "1.0"
| #define PACKAGE_STRING "gramd-client 1.0"
| #define PACKAGE_BUGREPORT ""
| #define PACKAGE_URL ""
| /* end confdefs.h.  */
| #include <ac_nonexistent.h>
configure:6487: checking for ANSI C header files
configure:6507: gcc -c -g -O2  conftest.c >&5
configure:6507: $? = 0
configure:6580: gcc -o conftest -g -O2   conftest.c  >&5
configure:6580: $? = 0
configure:6580: ./conftest
configure:6580: $? = 0
configure:6591: result: yes
configure:6604: checking for sys/types.h
configure:6604: gcc -c -g -O2  conftest.c >&5
configure:6604: $? = 0
configure:6604: result: yes
configure:6604: checking for sys/stat.h
configure:6604: gcc -c -g -O2  conftest.c >&5
configure:6604: $? = 0
configure:6604: result: yes
configure:6604: checking for stdlib.h
configure:6604: gcc -c -g -O2  conftest.c >&5
configure:6604: $? = 0
configure:6604: result: yes
configure:6604: checking for string.h
configure:6604: gcc -c -g -O2  conftest.c >&5
configure:6604: $? = 0
configure:6604: result: yes
configure:6604: checking for memory.h
configure:6604: gcc -c -g -O2  conftest.c >&5
configure:6604: $? = 0
configure:6604: result: yes
configure:6604: checking for strings.h
configure:6604: gcc -c -g -O2  conftest.c >&5
configure:6604: $? = 0
configure:6604: result: yes
configure:6604: checking for inttypes.h
configure:6604: gcc -c -g -O2  conftest.c >&5
configure:6604: $? = 0
configure:6604: result: yes
configure:6604: checking for stdint.h
configure:6604: gcc -c -g -O2  conftest.c >&5
configure:6604: $? = 0
configure:6604: result: yes
configure:6604: checking for unistd.h
configure:6604: gcc -c -g -O2  conftest.c >&5
configure:6604: $? = 0
configure:6604: result: yes
configure:6618: checking for dlfcn.h
configure:6618: gcc -c -g -O2  conftest.c >&5
configure:6618: $? = 0
configure:6618: result: yes
configure:6805: checking for objdir
configure:6820: result: .libs
configure:7087: checking if gcc supports -fno-rtti -fno-exceptions
configure:7105: gcc -c -g -O2  -fno-rtti -fno-exceptions conftest.c >&5
cc1: warning: command line option '-fno-rtti' is valid for C++/ObjC++ but not for C [enabled by default]
configure:7109: $? = 0
configure:7122: result: no
configure:7432: checking for gcc option to produce PIC
configure:7439: result: -fPIC -DPIC
configure:7447: checking if gcc PIC flag -fPIC -DPIC works
configure:7465: gcc -c -g -O2  -fPIC -DPIC -DPIC conftest.c >&5
configure:7469: $? = 0
configure:7482: result: yes
configure:7511: checking if gcc static flag -static works
configure:7539: result: no
configure:7554: checking if gcc supports -c -o file.o
configure:7575: gcc -c -g -O2  -o out/conftest2.o conftest.c >&5
configure:7579: $? = 0
configure:7601: result: yes
configure:7609: checking if gcc supports -c -o file.o
configure:7656: result: yes
configure:7689: checking whether the gcc linker (/usr/bin/ld) supports shared libraries
configure:8847: result: yes
configure:8884: checking whether -lc should be explicitly linked in
configure:8892: gcc -c -g -O2  conftest.c >&5
configure:8895: $? = 0
configure:8910: gcc -shared  -fPIC -DPIC conftest.o  -v -Wl,-soname -Wl,conftest -o conftest 2\>\&1 \| /bin/grep  -lc  \>/dev/null 2\>\&1
configure:8913: $? = 0
configure:8927: result: no
configure:9092: checking dynamic linker characteristics
configure:9606: gcc -o conftest -g -O2   -Wl,-rpath -Wl,/foo conftest.c  >&5
configure:9606: $? = 0
configure:9832: result: GNU/Linux ld.so
configure:9939: checking how to hardcode library paths into programs
configure:9964: result: immediate
configure:10504: checking whether stripping libraries is possible
configure:10509: result: yes
configure:10544: checking if libtool supports shared libraries
configure:10546: result: yes
configure:10549: checking whether to build shared libraries
configure:10570: result: yes
configure:10573: checking whether to build static libraries
configure:10577: result: yes
configure:10613: checking target system type
configure:10626: result: i686-pc-linux-gnu
configure:10669: checking for a BSD-compatible install
configure:10737: result: /usr/bin/install -c
configure:10748: checking whether build environment is sane
configure:10798: result: yes
configure:10939: checking for a thread-safe mkdir -p
configure:10978: result: /bin/mkdir -p
configure:10987: checking whether make sets $(MAKE)
configure:11009: result: yes
configure:11039: checking for style of include used by make
configure:11067: result: GNU
configure:11152: checking dependency style of gcc
configure:11262: result: gcc3
configure:11337: checking for g++
configure:11353: found /usr/bin/g++
configure:11364: result: g++
configure:11391: checking for C++ compiler version
configure:11400: g++ --version >&5
g++ (GCC) 4.6.2 20111027 (Red Hat 4.6.2-1)
Copyright (C) 2011 Free Software Foundation, Inc.
This is free software; see the source for copying conditions.  There is NO
warranty; not even for MERCHANTABILITY or FITNESS FOR A PARTICULAR PURPOSE.

configure:11411: $? = 0
configure:11400: g++ -v >&5
Using built-in specs.
COLLECT_GCC=g++
COLLECT_LTO_WRAPPER=/usr/libexec/gcc/i686-redhat-linux/4.6.2/lto-wrapper
Target: i686-redhat-linux
Configured with: ../configure --prefix=/usr --mandir=/usr/share/man --infodir=/usr/share/info --with-bugurl=http://bugzilla.redhat.com/bugzilla --enable-bootstrap --enable-shared --enable-threads=posix --enable-checking=release --with-system-zlib --enable-__cxa_atexit --disable-libunwind-exceptions --enable-gnu-unique-object --enable-linker-build-id --enable-languages=c,c++,objc,obj-c++,java,fortran,ada,go,lto --enable-plugin --enable-java-awt=gtk --disable-dssi --with-java-home=/usr/lib/jvm/java-1.5.0-gcj-1.5.0.0/jre --enable-libgcj-multifile --enable-java-maintainer-mode --with-ecj-jar=/usr/share/java/eclipse-ecj.jar --disable-libjava-multilib --with-ppl --with-cloog --with-tune=generic --with-arch=i686 --build=i686-redhat-linux
Thread model: posix
gcc version 4.6.2 20111027 (Red Hat 4.6.2-1) (GCC) 
configure:11411: $? = 0
configure:11400: g++ -V >&5
g++: error: unrecognized option '-V'
g++: fatal error: no input files
compilation terminated.
configure:11411: $? = 4
configure:11400: g++ -qversion >&5
g++: error: unrecognized option '-qversion'
g++: fatal error: no input files
compilation terminated.
configure:11411: $? = 4
configure:11415: checking whether we are using the GNU C++ compiler
configure:11434: g++ -c   conftest.cpp >&5
configure:11434: $? = 0
configure:11443: result: yes
configure:11452: checking whether g++ accepts -g
configure:11472: g++ -c -g  conftest.cpp >&5
configure:11472: $? = 0
configure:11513: result: yes
configure:11554: checking how to run the C++ preprocessor
configure:11581: g++ -E  conftest.cpp
configure:11581: $? = 0
configure:11595: g++ -E  conftest.cpp
conftest.cpp:23:28: fatal error: ac_nonexistent.h: No such file or directory
compilation terminated.
configure:11595: $? = 1
configure: failed program was:
| /* confdefs.h */
| #define PACKAGE_NAME "gramd-client"
| #define PACKAGE_TARNAME "gramd-client"
| #define PACKAGE_VERSION "1.0"
| #define PACKAGE_STRING "gramd-client 1.0"
| #define PACKAGE_BUGREPORT ""
| #define PACKAGE_URL ""
| #define STDC_HEADERS 1
| #define HAVE_SYS_TYPES_H 1
| #define HAVE_SYS_STAT_H 1
| #define HAVE_STDLIB_H 1
| #define HAVE_STRING_H 1
| #define HAVE_MEMORY_H 1
| #define HAVE_STRINGS_H 1
| #define HAVE_INTTYPES_H 1
| #define HAVE_STDINT_H 1
| #define HAVE_UNISTD_H 1
| #define HAVE_DLFCN_H 1
| #define LT_OBJDIR ".libs/"
| #define PACKAGE "gramd-client"
| #define VERSION "1.0"
| /* end confdefs.h.  */
| #include <ac_nonexistent.h>
configure:11620: result: g++ -E
configure:11640: g++ -E  conftest.cpp
configure:11640: $? = 0
configure:11654: g++ -E  conftest.cpp
conftest.cpp:23:28: fatal error: ac_nonexistent.h: No such file or directory
compilation terminated.
configure:11654: $? = 1
configure: failed program was:
| /* confdefs.h */
| #define PACKAGE_NAME "gramd-client"
| #define PACKAGE_TARNAME "gramd-client"
| #define PACKAGE_VERSION "1.0"
| #define PACKAGE_STRING "gramd-client 1.0"
| #define PACKAGE_BUGREPORT ""
| #define PACKAGE_URL ""
| #define STDC_HEADERS 1
| #define HAVE_SYS_TYPES_H 1
| #define HAVE_SYS_STAT_H 1
| #define HAVE_STDLIB_H 1
| #define HAVE_STRING_H 1
| #define HAVE_MEMORY_H 1
| #define HAVE_STRINGS_H 1
| #define HAVE_INTTYPES_H 1
| #define HAVE_STDINT_H 1
| #define HAVE_UNISTD_H 1
| #define HAVE_DLFCN_H 1
| #define LT_OBJDIR ".libs/"
| #define PACKAGE "gramd-client"
| #define VERSION "1.0"
| /* end confdefs.h.  */
| #include <ac_nonexistent.h>
configure:11824: checking for ld used by g++
configure:11891: result: /usr/bin/ld
configure:11898: checking if the linker (/usr/bin/ld) is GNU ld
configure:11913: result: yes
configure:11968: checking whether the g++ linker (/usr/bin/ld) supports shared libraries
configure:12972: result: yes
configure:13007: g++ -c -g -O2  conftest.cpp >&5
configure:13010: $? = 0
configure:13530: checking for g++ option to produce PIC
configure:13537: result: -fPIC -DPIC
configure:13545: checking if g++ PIC flag -fPIC -DPIC works
configure:13563: g++ -c -g -O2  -fPIC -DPIC -DPIC conftest.cpp >&5
configure:13567: $? = 0
configure:13580: result: yes
configure:13603: checking if g++ static flag -static works
configure:13631: result: no
configure:13643: checking if g++ supports -c -o file.o
configure:13664: g++ -c -g -O2  -o out/conftest2.o conftest.cpp >&5
configure:13668: $? = 0
configure:13690: result: yes
configure:13695: checking if g++ supports -c -o file.o
configure:13742: result: yes
configure:13772: checking whether the g++ linker (/usr/bin/ld) supports shared libraries
configure:13806: result: yes
configure:13949: checking dynamic linker characteristics
configure:14623: result: GNU/Linux ld.so
configure:14676: checking how to hardcode library paths into programs
configure:14701: result: immediate
configure:14743: checking dependency style of g++
configure:14853: result: gcc3
configure:15041: creating ./config.status

## ---------------------- ##
## Running config.status. ##
## ---------------------- ##

This file was extended by gramd-client config.status 1.0, which was
generated by GNU Autoconf 2.68.  Invocation command line was

  CONFIG_FILES    = 
  CONFIG_HEADERS  = 
  CONFIG_LINKS    = 
  CONFIG_COMMANDS = 
  $ ./config.status 

on fedora16

config.status:1079: creating Makefile
config.status:1079: creating src/Makefile
config.status:1251: executing libtool commands
config.status:1251: executing depfiles commands

## ---------------- ##
## Cache variables. ##
## ---------------- ##

ac_cv_build=i686-pc-linux-gnu
ac_cv_c_compiler_gnu=yes
ac_cv_cxx_compiler_gnu=yes
ac_cv_env_CCC_set=
ac_cv_env_CCC_value=
ac_cv_env_CC_set=
ac_cv_env_CC_value=
ac_cv_env_CFLAGS_set=
ac_cv_env_CFLAGS_value=
ac_cv_env_CPPFLAGS_set=
ac_cv_env_CPPFLAGS_value=
ac_cv_env_CPP_set=
ac_cv_env_CPP_value=
ac_cv_env_CXXCPP_set=
ac_cv_env_CXXCPP_value=
ac_cv_env_CXXFLAGS_set=
ac_cv_env_CXXFLAGS_value=
ac_cv_env_CXX_set=
ac_cv_env_CXX_value=
ac_cv_env_LDFLAGS_set=
ac_cv_env_LDFLAGS_value=
ac_cv_env_LIBS_set=
ac_cv_env_LIBS_value=
ac_cv_env_build_alias_set=
ac_cv_env_build_alias_value=
ac_cv_env_host_alias_set=
ac_cv_env_host_alias_value=
ac_cv_env_target_alias_set=
ac_cv_env_target_alias_value=
ac_cv_header_dlfcn_h=yes
ac_cv_header_inttypes_h=yes
ac_cv_header_memory_h=yes
ac_cv_header_stdc=yes
ac_cv_header_stdint_h=yes
ac_cv_header_stdlib_h=yes
ac_cv_header_string_h=yes
ac_cv_header_strings_h=yes
ac_cv_header_sys_stat_h=yes
ac_cv_header_sys_types_h=yes
ac_cv_header_unistd_h=yes
ac_cv_host=i686-pc-linux-gnu
ac_cv_objext=o
ac_cv_path_EGREP='/bin/grep -E'
ac_cv_path_FGREP='/bin/grep -F'
ac_cv_path_GREP=/bin/grep
ac_cv_path_SED=/bin/sed
ac_cv_path_install='/usr/bin/install -c'
ac_cv_path_mkdir=/bin/mkdir
ac_cv_prog_AWK=gawk
ac_cv_prog_CPP='gcc -E'
ac_cv_prog_CXXCPP='g++ -E'
ac_cv_prog_ac_ct_AR=ar
ac_cv_prog_ac_ct_CC=gcc
ac_cv_prog_ac_ct_CXX=g++
ac_cv_prog_ac_ct_OBJDUMP=objdump
ac_cv_prog_ac_ct_RANLIB=ranlib
ac_cv_prog_ac_ct_STRIP=strip
ac_cv_prog_cc_c89=
ac_cv_prog_cc_g=yes
ac_cv_prog_cxx_g=yes
ac_cv_prog_make_make_set=yes
ac_cv_target=i686-pc-linux-gnu
am_cv_CC_dependencies_compiler_type=gcc3
am_cv_CXX_dependencies_compiler_type=gcc3
lt_cv_ar_at_file=@
lt_cv_archive_cmds_need_lc=no
lt_cv_deplibs_check_method=pass_all
lt_cv_file_magic_cmd='$MAGIC_CMD'
lt_cv_file_magic_test_file=
lt_cv_ld_reload_flag=-r
lt_cv_nm_interface='BSD nm'
lt_cv_objdir=.libs
lt_cv_path_LD=/usr/bin/ld
lt_cv_path_LDCXX=/usr/bin/ld
lt_cv_path_NM='/usr/bin/nm -B'
lt_cv_path_mainfest_tool=no
lt_cv_prog_compiler_c_o=yes
lt_cv_prog_compiler_c_o_CXX=yes
lt_cv_prog_compiler_pic='-fPIC -DPIC'
lt_cv_prog_compiler_pic_CXX='-fPIC -DPIC'
lt_cv_prog_compiler_pic_works=yes
lt_cv_prog_compiler_pic_works_CXX=yes
lt_cv_prog_compiler_rtti_exceptions=no
lt_cv_prog_compiler_static_works=no
lt_cv_prog_compiler_static_works_CXX=no
lt_cv_prog_gnu_ld=yes
lt_cv_prog_gnu_ldcxx=yes
lt_cv_sharedlib_from_linklib_cmd='printf %s\n'
lt_cv_shlibpath_overrides_runpath=no
lt_cv_sys_global_symbol_pipe='sed -n -e '\''s/^.*[	 ]\([ABCDGIRSTW][ABCDGIRSTW]*\)[	 ][	 ]*\([_A-Za-z][_A-Za-z0-9]*\)$/\1 \2 \2/p'\'' | sed '\''/ __gnu_lto/d'\'''
lt_cv_sys_global_symbol_to_c_name_address='sed -n -e '\''s/^: \([^ ]*\)[ ]*$/  {\"\1\", (void *) 0},/p'\'' -e '\''s/^[ABCDGIRSTW]* \([^ ]*\) \([^ ]*\)$/  {"\2", (void *) \&\2},/p'\'''
lt_cv_sys_global_symbol_to_c_name_address_lib_prefix='sed -n -e '\''s/^: \([^ ]*\)[ ]*$/  {\"\1\", (void *) 0},/p'\'' -e '\''s/^[ABCDGIRSTW]* \([^ ]*\) \(lib[^ ]*\)$/  {"\2", (void *) \&\2},/p'\'' -e '\''s/^[ABCDGIRSTW]* \([^ ]*\) \([^ ]*\)$/  {"lib\2", (void *) \&\2},/p'\'''
lt_cv_sys_global_symbol_to_cdecl='sed -n -e '\''s/^T .* \(.*\)$/extern int \1();/p'\'' -e '\''s/^[ABCDGIRSTW]* .* \(.*\)$/extern char \1;/p'\'''
lt_cv_sys_max_cmd_len=1572864
lt_cv_to_host_file_cmd=func_convert_file_noop
lt_cv_to_tool_file_cmd=func_convert_file_noop

## ----------------- ##
## Output variables. ##
## ----------------- ##

ACLOCAL='${SHELL} /home/fedora/workspace/gramd-client/missing --run aclocal-1.11'
AMDEPBACKSLASH='\'
AMDEP_FALSE='#'
AMDEP_TRUE=''
AMTAR='${SHELL} /home/fedora/workspace/gramd-client/missing --run tar'
AR='ar'
AUTOCONF='${SHELL} /home/fedora/workspace/gramd-client/missing --run autoconf'
AUTOHEADER='${SHELL} /home/fedora/workspace/gramd-client/missing --run autoheader'
AUTOMAKE='${SHELL} /home/fedora/workspace/gramd-client/missing --run automake-1.11'
AWK='gawk'
CC='gcc'
CCDEPMODE='depmode=gcc3'
CFLAGS='-g -O2'
CPP='gcc -E'
CPPFLAGS=''
CXX='g++'
CXXCPP='g++ -E'
CXXDEPMODE='depmode=gcc3'
CXXFLAGS='-g -O2'
CYGPATH_W='echo'
DEFS='-DPACKAGE_NAME=\"gramd-client\" -DPACKAGE_TARNAME=\"gramd-client\" -DPACKAGE_VERSION=\"1.0\" -DPACKAGE_STRING=\"gramd-client\ 1.0\" -DPACKAGE_BUGREPORT=\"\" -DPACKAGE_URL=\"\" -DSTDC_HEADERS=1 -DHAVE_SYS_TYPES_H=1 -DHAVE_SYS_STAT_H=1 -DHAVE_STDLIB_H=1 -DHAVE_STRING_H=1 -DHAVE_MEMORY_H=1 -DHAVE_STRINGS_H=1 -DHAVE_INTTYPES_H=1 -DHAVE_STDINT_H=1 -DHAVE_UNISTD_H=1 -DHAVE_DLFCN_H=1 -DLT_OBJDIR=\".libs/\" -DPACKAGE=\"gramd-client\" -DVERSION=\"1.0\"'
DEPDIR='.deps'
DLLTOOL='false'
DSYMUTIL=''
DUMPBIN=''
ECHO_C=''
ECHO_N='-n'
ECHO_T=''
EGREP='/bin/grep -E'
EXEEXT=''
FGREP='/bin/grep -F'
GREP='/bin/grep'
INSTALL_DATA='${INSTALL} -m 644'
INSTALL_PROGRAM='${INSTALL}'
INSTALL_SCRIPT='${INSTALL}'
INSTALL_STRIP_PROGRAM='$(install_sh) -c -s'
LD='/usr/bin/ld'
LDFLAGS=''
LIBOBJS=''
LIBS=''
LIBTOOL='$(SHELL) $(top_builddir)/libtool'
LIPO=''
LN_S='ln -s'
LTLIBOBJS=''
MAKEINFO='${SHELL} /home/fedora/workspace/gramd-client/missing --run makeinfo'
MANIFEST_TOOL=':'
MKDIR_P='/bin/mkdir -p'
NM='/usr/bin/nm -B'
NMEDIT=''
OBJDUMP='objdump'
OBJEXT='o'
OTOOL64=''
OTOOL=''
PACKAGE='gramd-client'
PACKAGE_BUGREPORT=''
PACKAGE_NAME='gramd-client'
PACKAGE_STRING='gramd-client 1.0'
PACKAGE_TARNAME='gramd-client'
PACKAGE_URL=''
PACKAGE_VERSION='1.0'
PATH_SEPARATOR=':'
RANLIB='ranlib'
SED='/bin/sed'
SET_MAKE=''
SHELL='/bin/sh'
STRIP='strip'
VERSION='1.0'
ac_ct_AR='ar'
ac_ct_CC='gcc'
ac_ct_CXX='g++'
ac_ct_DUMPBIN=''
am__EXEEXT_FALSE=''
am__EXEEXT_TRUE='#'
am__fastdepCC_FALSE='#'
am__fastdepCC_TRUE=''
am__fastdepCXX_FALSE='#'
am__fastdepCXX_TRUE=''
am__include='include'
am__isrc=''
am__leading_dot='.'
am__quote=''
am__tar='${AMTAR} chof - "$$tardir"'
am__untar='${AMTAR} xf -'
bindir='${exec_prefix}/bin'
build='i686-pc-linux-gnu'
build_alias=''
build_cpu='i686'
build_os='linux-gnu'
build_vendor='pc'
datadir='${datarootdir}'
datarootdir='${prefix}/share'
docdir='${datarootdir}/doc/${PACKAGE_TARNAME}'
dvidir='${docdir}'
exec_prefix='${prefix}'
host='i686-pc-linux-gnu'
host_alias=''
host_cpu='i686'
host_os='linux-gnu'
host_vendor='pc'
htmldir='${docdir}'
includedir='${prefix}/include'
infodir='${datarootdir}/info'
install_sh='${SHELL} /home/fedora/workspace/gramd-client/install-sh'
libdir='${exec_prefix}/lib'
libexecdir='${exec_prefix}/libexec'
localedir='${datarootdir}/locale'
localstatedir='${prefix}/var'
mandir='${datarootdir}/man'
mkdir_p='/bin/mkdir -p'
oldincludedir='/usr/include'
pdfdir='${docdir}'
prefix='/home/fedora/gramd'
program_transform_name='s,x,x,'
psdir='${docdir}'
sbindir='${exec_prefix}/sbin'
sharedstatedir='${prefix}/com'
sysconfdir='${prefix}/etc'
target='i686-pc-linux-gnu'
target_alias=''
target_cpu='i686'
target_os='linux-gnu'
target_vendor='pc'

## ----------- ##
## confdefs.h. ##
## ----------- ##

/* confdefs.h */
#define PACKAGE_NAME "gramd-client"
#define PACKAGE_TARNAME "gramd-client"
#define PACKAGE_VERSION "1.0"
#define PACKAGE_STRING "gramd-client 1.0"
#define PACKAGE_BUGREPORT ""
#define PACKAGE_URL ""
#define STDC_HEADERS 1
#define HAVE_SYS_TYPES_H 1
#define HAVE_SYS_STAT_H 1
#define HAVE_STDLIB_H 1
#define HAVE_STRING_H 1
#define HAVE_MEMORY_H 1
#define HAVE_STRINGS_H 1
#define HAVE_INTTYPES_H 1
#define HAVE_STDINT_H 1
#define HAVE_UNISTD_H 1
#define HAVE_DLFCN_H 1
#define LT_OBJDIR ".libs/"
#define PACKAGE "gramd-client"
#define VERSION "1.0"

configure: exit 0
